--------------------- Tue Nov 21 15:26:06 2023 ---------------------

Creating SIwave session log C:\Users\SGI-U3\Documents\GitHub\Ansys\siwave\_03_openrex_u14_disjoint\openrex_edb_v3.log
OS: Windows 10  (Build 19045)

Saved C:\Users\SGI-U3\Documents\GitHub\Ansys\siwave\_03_openrex_u14_disjoint\openrex_edb_v3.siw


--------------------- Tue Nov 21 15:27:06 2023 ---------------------

Appending to SIwave session log C:\Users\SGI-U3\Documents\GitHub\Ansys\siwave\_03_openrex_u14_disjoint\openrex_edb_v3.log
Saved C:\Users\SGI-U3\Documents\GitHub\Ansys\siwave\_03_openrex_u14_disjoint\openrex_edb_v3.siw


--------------------- Tue Nov 21 15:34:25 2023 ---------------------

Appending to SIwave session log C:\Users\SGI-U3\Documents\GitHub\Ansys\siwave\_03_openrex_u14_disjoint\openrex_edb_v3.log
Saved C:\Users\SGI-U3\Documents\GitHub\Ansys\siwave\_03_openrex_u14_disjoint\openrex_edb_v3.siw


--------------------- Tue Nov 21 15:35:57 2023 ---------------------

Appending to SIwave session log C:\Users\SGI-U3\Documents\GitHub\Ansys\siwave\_03_openrex_u14_disjoint\openrex_edb_v3.log
Saved C:\Users\SGI-U3\Documents\GitHub\Ansys\siwave\_03_openrex_u14_disjoint\openrex_edb_v3.siw


--------------------- Tue Nov 21 15:39:05 2023 ---------------------

Appending to SIwave session log C:/Users/SGI-U3/Documents/GitHub/Ansys/siwave/_03_openrex_u14_disjoint/openrex_edb_v3.log
Loading C:\Users\SGI-U3\Documents\GitHub\Ansys\siwave\_03_openrex_u14_disjoint\openrex_edb_v3.siw...



--------------------- Tue Nov 21 15:55:37 2023 ---------------------

Appending to SIwave session log C:\Users\SGI-U3\Documents\GitHub\Ansys\siwave\_03_openrex_u14_disjoint\openrex_edb_v3.log
Saved C:\Users\SGI-U3\Documents\GitHub\Ansys\siwave\_03_openrex_u14_disjoint\openrex_edb_v3.siw


--------------------- Tue Nov 21 16:02:21 2023 ---------------------

Appending to SIwave session log C:\Users\SGI-U3\Documents\GitHub\Ansys\siwave\_03_openrex_u14_disjoint\openrex_edb_v3.log
Saved C:\Users\SGI-U3\Documents\GitHub\Ansys\siwave\_03_openrex_u14_disjoint\openrex_edb_v3.siw


--------------------- Tue Nov 21 16:55:26 2023 ---------------------

Appending to SIwave session log C:\Users\SGI-U3\Documents\GitHub\Ansys\siwave\_03_openrex_u14_disjoint\openrex_edb_v3.log
Saved C:\Users\SGI-U3\Documents\GitHub\Ansys\siwave\_03_openrex_u14_disjoint\openrex_edb_v3.siw


--------------------- Tue Nov 21 16:57:56 2023 ---------------------

Appending to SIwave session log C:\Users\SGI-U3\Documents\GitHub\Ansys\siwave\_03_openrex_u14_disjoint\openrex_edb_v3.log
Saved C:\Users\SGI-U3\Documents\GitHub\Ansys\siwave\_03_openrex_u14_disjoint\openrex_edb_v3.siw


--------------------- Tue Nov 21 22:36:51 2023 ---------------------

Appending to SIwave session log C:/Users/HoP/Documents/GitHub/Ansys/siwave/_03_openrex_u14_disjoint/openrex_edb_v3.log
Loading C:\Users\HoP\Documents\GitHub\Ansys\siwave\_03_openrex_u14_disjoint\openrex_edb_v3.siw...



--------------------- Tue Nov 21 22:55:09 2023 ---------------------

Appending to SIwave session log C:\Users\HoP\Documents\GitHub\Ansys\siwave\_03_openrex_u14_disjoint\openrex_edb_v3.log
Saved C:\Users\HoP\Documents\GitHub\Ansys\siwave\_03_openrex_u14_disjoint\openrex_edb_v3.siw


--------------------- Tue Nov 21 23:41:48 2023 ---------------------

Appending to SIwave session log C:\Users\HoP\Documents\GitHub\Ansys\siwave\_03_openrex_u14_disjoint\openrex_edb_v3.log
Saved C:\Users\HoP\Documents\GitHub\Ansys\siwave\_03_openrex_u14_disjoint\openrex_edb_v3.siw


--------------------- Thu Nov 23 20:48:46 2023 ---------------------

Appending to SIwave session log C:/Users/HoP/Documents/GitHub/Ansys/siwave/_03_openrex_u14_disjoint/openrex_edb_v3.log
Loading C:\Users\HoP\Documents\GitHub\Ansys\siwave\_03_openrex_u14_disjoint\openrex_edb_v3.siw...

Displaying TraceZ0 for simulation "SDRAM_BANK0_DQ_DQS"...


--------------------- Thu Nov 23 20:51:54 2023 ---------------------

Appending to SIwave session log C:/Users/HoP/Documents/GitHub/Ansys/siwave/_03_openrex_u14_disjoint/openrex_edb_v3.log
Loading C:\Users\HoP\Documents\GitHub\Ansys\siwave\_03_openrex_u14_disjoint\openrex_edb_v3.siw...



--------------------- Thu Nov 23 20:53:00 2023 ---------------------

Appending to SIwave session log C:/Users/HoP/Documents/GitHub/Ansys/siwave/_03_openrex_u14_disjoint/openrex_edb_v3.log
Loading C:\Users\HoP\Documents\GitHub\Ansys\siwave\_03_openrex_u14_disjoint\openrex_edb_v3.siw...

Displaying TraceZ0 for simulation "SDRAM_BANK0_DQ_DQS"...
Displaying ScanWarningsViolations for simulation "SDRAM_BANK0_DQ_DQS"...
Displaying coupled structures for simulation "SDRAM_BANK0_DQ_DQS"...
Displaying TraceZ0 for simulation "SDRAM_BANK0_DQ_DQS"...
Displaying coupled structures for simulation "SDRAM_BANK0_DQ_DQS"...
Displaying TraceZ0 for simulation "SDRAM_BANK0_DQ_DQS"...
Displaying TraceZ0 for simulation "SDRAM_BANK0_DQ_DQS"...
Displaying crosstalk scan for simulation "CROSSTALK_BANK0_DQ_DQS"...


--------------------- Thu Nov 23 21:49:35 2023 ---------------------

Appending to SIwave session log C:\Users\HoP\Documents\GitHub\Ansys\siwave\_03_openrex_u14_disjoint\openrex_edb_v3.log
Saved C:\Users\HoP\Documents\GitHub\Ansys\siwave\_03_openrex_u14_disjoint\openrex_edb_v3.siw
Displaying crosstalk scan for simulation "CROSSTALK_BANK0_DQ_DQS"...
Displaying crosstalk scan for simulation "CROSSTALK_BANK0_DQ_DQS"...


--------------------- Thu Nov 23 22:04:14 2023 ---------------------

Appending to SIwave session log C:\Users\HoP\Documents\GitHub\Ansys\siwave\_03_openrex_u14_disjoint\openrex_edb_v3.log
Saved C:\Users\HoP\Documents\GitHub\Ansys\siwave\_03_openrex_u14_disjoint\openrex_edb_v3.siw
Displaying coupled structures for simulation "CROSSTALK_BANK0_DQ_DQS"...


--------------------- Thu Nov 23 23:31:42 2023 ---------------------

Appending to SIwave session log C:\Users\HoP\Documents\GitHub\Ansys\siwave\_03_openrex_u14_disjoint\openrex_edb_v3.log
Saved C:\Users\HoP\Documents\GitHub\Ansys\siwave\_03_openrex_u14_disjoint\openrex_edb_v3.siw
Displaying time domain crosstalk scan for simulation "TDCROSSTALK_BANK0_DQ_DQS"...
Displaying time domain crosstalk scan for simulation "TDCROSSTALK_BANK0_DQ_DQS"...
Displaying coupled structures for simulation "TDCROSSTALK_BANK0_DQ_DQS"...
Displaying time domain crosstalk scan for simulation "TDCROSSTALK_BANK0_DQ_DQS"...


--------------------- Fri Nov 24 00:00:59 2023 ---------------------

Appending to SIwave session log C:\Users\HoP\Documents\GitHub\Ansys\siwave\_03_openrex_u14_disjoint\openrex_edb_v3.log
Saved C:\Users\HoP\Documents\GitHub\Ansys\siwave\_03_openrex_u14_disjoint\openrex_edb_v3.siw


--------------------- Sat Nov 25 07:46:59 2023 ---------------------

Appending to SIwave session log C:/Users/SGI-U3/Documents/GitHub/Ansys/siwave/_03_openrex_u14_disjoint/openrex_edb_v3.log
Loading C:\Users\SGI-U3\Documents\GitHub\Ansys\siwave\_03_openrex_u14_disjoint\openrex_edb_v3.siw...



--------------------- Sat Nov 25 09:07:52 2023 ---------------------

Appending to SIwave session log C:\Users\SGI-U3\Documents\GitHub\Ansys\siwave\_03_openrex_u14_disjoint\openrex_edb_v3.log
Saved C:\Users\SGI-U3\Documents\GitHub\Ansys\siwave\_03_openrex_u14_disjoint\openrex_edb_v3.siw


--------------------- Sat Nov 25 10:43:59 2023 ---------------------

Appending to SIwave session log C:\Users\SGI-U3\Documents\GitHub\Ansys\siwave\_03_openrex_u14_disjoint\openrex_edb_v3.log
Saved C:\Users\SGI-U3\Documents\GitHub\Ansys\siwave\_03_openrex_u14_disjoint\openrex_edb_v3.siw


--------------------- Sat Nov 25 12:49:26 2023 ---------------------

Appending to SIwave session log C:/Users/SGI-U3/Documents/GitHub/Ansys/siwave/_03_openrex_u14_disjoint/openrex_edb_v3.log
Loading C:\Users\SGI-U3\Documents\GitHub\Ansys\siwave\_03_openrex_u14_disjoint\openrex_edb_v3.siw...



--------------------- Sat Nov 25 17:31:51 2023 ---------------------

Appending to SIwave session log C:\Users\SGI-U3\Documents\GitHub\Ansys\siwave\_03_openrex_u14_disjoint\openrex_edb_v3.log
Saved C:\Users\SGI-U3\Documents\GitHub\Ansys\siwave\_03_openrex_u14_disjoint\openrex_edb_v3.siw


--------------------- Sun Nov 26 09:08:48 2023 ---------------------

Appending to SIwave session log C:/Users/SGI-U3/Documents/GitHub/Ansys/siwave/_03_openrex_u14_disjoint/openrex_edb_v3.log
Loading C:\Users\SGI-U3\Documents\GitHub\Ansys\siwave\_03_openrex_u14_disjoint\openrex_edb_v3.siw...

Created Touchstone® file C:/Users/SGI-U3/Documents/GitHub/Ansys/siwave/_03_openrex_u14_disjoint/openrex_edb_v3.siwaveresults/DesignerTDR/TDR1.s20p
Launching Ansys Electronics Desktop; please wait...done.
Launching Ansys Electronics Desktop; please wait...done.


--------------------- Sun Nov 26 09:32:19 2023 ---------------------

Appending to SIwave session log C:/Users/SGI-U3/Documents/GitHub/Ansys/siwave/_03_openrex_u14_disjoint/openrex_edb_v3.log
Loading C:\Users\SGI-U3\Documents\GitHub\Ansys\siwave\_03_openrex_u14_disjoint\openrex_edb_v3.siw...



--------------------- Sun Nov 26 09:33:39 2023 ---------------------

Appending to SIwave session log C:\Users\SGI-U3\Documents\GitHub\Ansys\siwave\_03_openrex_u14_disjoint\openrex_edb_v3.log
Saved C:\Users\SGI-U3\Documents\GitHub\Ansys\siwave\_03_openrex_u14_disjoint\openrex_edb_v3.siw
Created Touchstone® file C:/Users/SGI-U3/Documents/GitHub/Ansys/siwave/_03_openrex_u14_disjoint/openrex_edb_v3.siwaveresults/DesignerTDR/TDR1.s20p
Launching Ansys Electronics Desktop; please wait...done.
Launching Ansys Electronics Desktop; please wait...done.


--------------------- Sun Nov 26 11:20:19 2023 ---------------------

Appending to SIwave session log C:\Users\SGI-U3\Documents\GitHub\Ansys\siwave\_03_openrex_u14_disjoint\openrex_edb_v3.log
Saved C:\Users\SGI-U3\Documents\GitHub\Ansys\siwave\_03_openrex_u14_disjoint\openrex_edb_v3.siw
Launching Ansys Electronics Desktop; please wait...done.
Launching Ansys Electronics Desktop; please wait...done.
SIwave GUI is running in interactive mode.
Sending configurable data for sparam link...done.
SIwave GUI is running in interactive mode.
Sending configurable data for sparam link...done.
SIwave GUI is running in interactive mode.
SIwave GUI is running in interactive mode.
SIwave GUI is running in interactive mode.
Simulating data for S-parameter link...


--------------------- Sun Nov 26 14:21:08 2023 ---------------------

Appending to SIwave session log C:\Users\SGI-U3\Documents\GitHub\Ansys\siwave\_03_openrex_u14_disjoint\openrex_edb_v3.log
Saved C:\Users\SGI-U3\Documents\GitHub\Ansys\siwave\_03_openrex_u14_disjoint\openrex_edb_v3.siw
SIwave GUI is running in interactive mode.
SIwave GUI is running in interactive mode.


--------------------- Sun Nov 26 14:24:36 2023 ---------------------

Appending to SIwave session log C:\Users\SGI-U3\Documents\GitHub\Ansys\siwave\_03_openrex_u14_disjoint\openrex_edb_v3.log
Saved C:\Users\SGI-U3\Documents\GitHub\Ansys\siwave\_03_openrex_u14_disjoint\openrex_edb_v3.siw


--------------------- Sun Nov 26 14:25:14 2023 ---------------------

Appending to SIwave session log C:\Users\SGI-U3\Documents\GitHub\Ansys\siwave\_03_openrex_u14_disjoint\openrex_edb_v3.log
Saved C:\Users\SGI-U3\Documents\GitHub\Ansys\siwave\_03_openrex_u14_disjoint\openrex_edb_v3.siw
SIwave GUI is running in interactive mode.
SIwave GUI is running in interactive mode.
SIwave GUI is running in interactive mode.
Simulating data for S-parameter link...


--------------------- Sun Nov 26 14:55:14 2023 ---------------------

Appending to SIwave session log C:\Users\SGI-U3\Documents\GitHub\Ansys\siwave\_03_openrex_u14_disjoint\openrex_edb_v3.log
Saved C:\Users\SGI-U3\Documents\GitHub\Ansys\siwave\_03_openrex_u14_disjoint\openrex_edb_v3.siw
SIwave GUI is running in interactive mode.
SIwave GUI is running in interactive mode.


--------------------- Fri Dec  1 16:23:40 2023 ---------------------

Appending to SIwave session log C:/Users/HoP/Documents/GitHub/Ansys/siwave/_03_openrex_u14_disjoint/openrex_edb_v3.log
Loading C:\Users\HoP\Documents\GitHub\Ansys\siwave\_03_openrex_u14_disjoint\openrex_edb_v3.siw...

Displaying time domain crosstalk scan for simulation "TDCROSSTALK_BANK0_DQ_DQS"...
Displaying time domain crosstalk scan for simulation "TDCROSSTALK_BANK0_DQ_DQS"...
Displaying coupled structures for simulation "TDCROSSTALK_BANK0_DQ_DQS"...


--------------------- Fri Dec  1 22:31:14 2023 ---------------------

Appending to SIwave session log C:/Users/HoP/Documents/GitHub/Ansys/siwave/_03_openrex_u14_disjoint/openrex_edb_v3.log
Loading C:\Users\HoP\Documents\GitHub\Ansys\siwave\_03_openrex_u14_disjoint\openrex_edb_v3.siw...



--------------------- Sat Dec  2 21:16:53 2023 ---------------------

Appending to SIwave session log C:/Users/HoP/Documents/GitHub/Ansys/siwave/_03_openrex_u14_disjoint/openrex_edb_v3.log
Loading C:\Users\HoP\Documents\GitHub\Ansys\siwave\_03_openrex_u14_disjoint\openrex_edb_v3.siw...

SIwave GUI is running in interactive mode.
Sending configurable data for sparam link...done.
SIwave GUI is running in interactive mode.
Sending configurable data for sparam link...done.
SIwave GUI is running in interactive mode.
Sending configurable data for sparam link...done.
SIwave GUI is running in interactive mode.
Sending configurable data for sparam link...done.
SIwave GUI is running in interactive mode.


--------------------- Sat Dec  2 21:55:20 2023 ---------------------

Appending to SIwave session log C:/Users/HoP/Documents/GitHub/Ansys/siwave/_03_openrex_u14_disjoint/openrex_edb_v3.siwaveresults/DesignerTDR/../../openrex_edb_v3.log
Loading C:\Users\HoP\Documents\GitHub\Ansys\siwave\_03_openrex_u14_disjoint\openrex_edb_v3.siwaveresults\DesignerTDR\..\..\openrex_edb_v3.siw...

Sending configurable data for sparam link...done.
SIwave GUI is running in non-interactive mode.
Sending configurable data for sparam link...done.
SIwave GUI is running in non-interactive mode.
SIwave GUI is running in non-interactive mode.
SIwave GUI is running in non-interactive mode.
SIwave GUI is running in non-interactive mode.
SIwave GUI is running in non-interactive mode.
SIwave GUI is running in non-interactive mode.
SIwave GUI is running in non-interactive mode.
SIwave GUI is running in non-interactive mode.
SIwave GUI is running in non-interactive mode.
SIwave GUI is running in non-interactive mode.
SIwave GUI is running in non-interactive mode.
SIwave GUI is running in non-interactive mode.


--------------------- Sat Dec  9 17:12:54 2023 ---------------------

Appending to SIwave session log C:/Users/SGI-U3/Documents/GitHub/Ansys/siwave/_03_openrex_u14_disjoint/openrex_edb_v3.log
Loading C:\Users\SGI-U3\Documents\GitHub\Ansys\siwave\_03_openrex_u14_disjoint\openrex_edb_v3.siw...



--------------------- Sat Dec  9 17:51:28 2023 ---------------------

Appending to SIwave session log C:\Users\SGI-U3\Documents\GitHub\Ansys\siwave\_03_openrex_u14_disjoint\openrex_edb_v3.log
Saved C:\Users\SGI-U3\Documents\GitHub\Ansys\siwave\_03_openrex_u14_disjoint\openrex_edb_v3.siw
Warning: Pin <1> at <45.120000, 19.700000> does not belong to a part - passing as ordinary via
Warning: Pin <2> at <45.735000, 48.100000> does not belong to a part - passing as ordinary via
Warning: Pin <2> at <42.600000, 48.250000> does not belong to a part - passing as ordinary via
Warning: Pin <2> at <31.150000, 35.100000> does not belong to a part - passing as ordinary via
Warning: Pin <2> at <35.050000, 26.100000> does not belong to a part - passing as ordinary via
Warning: Pin <1> at <29.600000, 39.100000> does not belong to a part - passing as ordinary via
Warning: Pin <1> at <33.150000, 48.900000> does not belong to a part - passing as ordinary via
Warning: Pin <1> at <30.400000, 46.450000> does not belong to a part - passing as ordinary via
Warning: Pin <1> at <29.100000, 45.035000> does not belong to a part - passing as ordinary via
Warning: Pin <1> at <33.800000, 27.700000> does not belong to a part - passing as ordinary via
Warning: Pin <1> at <55.235000, 22.900000> does not belong to a part - passing as ordinary via
Warning: Pin <2> at <34.900000, 25.600000> does not belong to a part - passing as ordinary via


--------------------- Sun Dec 10 08:00:44 2023 ---------------------

Appending to SIwave session log C:/Users/SGI-U3/Documents/GitHub/Ansys/siwave/_03_openrex_u14_disjoint/openrex_edb_v3.log
Loading C:\Users\SGI-U3\Documents\GitHub\Ansys\siwave\_03_openrex_u14_disjoint\openrex_edb_v3.siw...



--------------------- Sun Dec 10 08:02:17 2023 ---------------------

Appending to SIwave session log C:\Users\SGI-U3\Documents\GitHub\Ansys\siwave\_03_openrex_u14_disjoint\openrex_edb_v3.log
Saved C:\Users\SGI-U3\Documents\GitHub\Ansys\siwave\_03_openrex_u14_disjoint\openrex_edb_v3.siw
Saved design "openrex_edb_v3" to EDB "C:\Users\SGI-U3\Documents\GitHub\Ansys\siwave\_03_openrex_u14_disjoint\syz_param_bank0_dq_dqs_clipped.aedb"


--------------------- Sun Dec 10 08:03:48 2023 ---------------------

Appending to SIwave session log C:\Users\SGI-U3\Documents\GitHub\Ansys\siwave\_03_openrex_u14_disjoint\openrex_edb_v3.log
Saved C:\Users\SGI-U3\Documents\GitHub\Ansys\siwave\_03_openrex_u14_disjoint\openrex_edb_v3.siw
Saved design "openrex_edb_v3" to EDB "C:\Users\SGI-U3\Documents\GitHub\Ansys\siwave\_03_openrex_u14_disjoint\syz_param_bank0_dq_dqs.aedb"


--------------------- Sun Dec 10 08:07:53 2023 ---------------------

Appending to SIwave session log C:/Users/SGI-U3/Documents/GitHub/Ansys/siwave/_03_openrex_u14_disjoint/openrex_edb_v3.log
Loading C:\Users\SGI-U3\Documents\GitHub\Ansys\siwave\_03_openrex_u14_disjoint\openrex_edb_v3.siw...

Saved design "openrex_edb_v3" to EDB "C:\Users\SGI-U3\Documents\GitHub\Ansys\siwave\_03_openrex_u14_disjoint\syz_param_bank0_dq_dqs.aedb"


--------------------- Sun Dec 10 08:22:41 2023 ---------------------

Appending to SIwave session log C:\Users\SGI-U3\Documents\GitHub\Ansys\siwave\_03_openrex_u14_disjoint\openrex_edb_v3.log
Saved C:\Users\SGI-U3\Documents\GitHub\Ansys\siwave\_03_openrex_u14_disjoint\openrex_edb_v3.siw
Saved design "openrex_edb_v3" to EDB "C:\Users\SGI-U3\Documents\GitHub\Ansys\siwave\_03_openrex_u14_disjoint\syz_param_bank0_dq_dqs.aedb"


--------------------- Sun Dec 10 13:33:21 2023 ---------------------

Appending to SIwave session log C:\Users\SGI-U3\Documents\GitHub\Ansys\siwave\_03_openrex_u14_disjoint\openrex_edb_v3.log
Saved C:\Users\SGI-U3\Documents\GitHub\Ansys\siwave\_03_openrex_u14_disjoint\openrex_edb_v3.siw
